<?xml version="1.0" encoding="UTF-8"?>
<testsuite xmlns:xsi="http://www.w3.org/2001/XMLSchema-instance" xsi:noNamespaceSchemaLocation="https://maven.apache.org/surefire/maven-surefire-plugin/xsd/surefire-test-report-3.0.xsd" version="3.0" name="com.subash.junitmeenakshi.CalculatorTest" time="0.057" tests="2" errors="0" skipped="1" failures="0">
  <properties>
[...]
</properties>
  <testcase name="testAdd" classname="com.subash.junitmeenakshi.CalculatorTest" time="0.028">
    <system-out><![CDATA[Test finished
]]></system-out>
  </testcase>
  <testcase name="testSubtract" classname="com.subash.junitmeenakshi.CalculatorTest" time="0.0">
    <skipped message="Disabled until bug #123 is fixed"/>
  </testcase>
</testsuite>